2014-07-31 02:50:20:shellUIinput:
2014-07-31 02:50:20:shellUIinput:----------------------------------------
2014-07-31 02:50:20:shellUIinput:    logger.log[shellUIinput]
2014-07-31 02:50:20:shellUIinput:    Start: 2014-07-31 02:50:20.668384
2014-07-31 02:50:20:shellUIinput:----------------------------------------
2014-07-31 02:50:20:shellUIinput:shellUIinput::__init__() start.
2014-07-31 02:50:20:shellUIhistory:
2014-07-31 02:50:20:shellUIhistory:----------------------------------------
2014-07-31 02:50:20:shellUIhistory:    logger.log[shellUIhistory]
2014-07-31 02:50:20:shellUIhistory:    Start: 2014-07-31 02:50:20.668658
2014-07-31 02:50:20:shellUIhistory:----------------------------------------
2014-07-31 02:50:20:shellUIwindow_status:
2014-07-31 02:50:20:shellUIwindow_status:----------------------------------------
2014-07-31 02:50:20:shellUIwindow_status:    logger.log[shellUIwindow_status]
2014-07-31 02:50:20:shellUIwindow_status:    Start: 2014-07-31 02:50:20.668946
2014-07-31 02:50:20:shellUIwindow_status:----------------------------------------
2014-07-31 02:50:20:shellUIwindow_status:shellUIbase::__init__()
2014-07-31 02:50:20:shellUIwindow_status:shellUIwindow::__init__()[status,0,0]
2014-07-31 02:50:20:shellUIwindow_status:shellUIwindow::__init__() creating window [status]
2014-07-31 02:50:20:shellUIwindow_status:shellUIwindow::__init__() done
2014-07-31 02:50:20:shellUIwindow_window:
2014-07-31 02:50:20:shellUIwindow_window:----------------------------------------
2014-07-31 02:50:20:shellUIwindow_window:    logger.log[shellUIwindow_window]
2014-07-31 02:50:20:shellUIwindow_window:    Start: 2014-07-31 02:50:20.671163
2014-07-31 02:50:20:shellUIwindow_window:----------------------------------------
2014-07-31 02:50:20:shellUIwindow_window:shellUIbase::__init__()
2014-07-31 02:50:20:shellUIwindow_window:shellUIwindow::__init__()[window,0,0]
2014-07-31 02:50:20:shellUIwindow_window:shellUIwindow::__init__() creating window [window]
2014-07-31 02:50:20:shellUIwindow_window:shellUIwindow::__init__() done
2014-07-31 02:50:20:shellUIwindow_window:shellUIwindow::move() starting...
2014-07-31 02:50:20:shellUIwindow_window:shellUIwindow::move() done.
2014-07-31 02:50:20:shellUIwindow_window:shellUIwindow::move() starting...
2014-07-31 02:50:20:shellUIwindow_window:shellUIwindow::move() done.
2014-07-31 02:50:20:shellUIwindow_window:shellUIwindow::write() starting...
2014-07-31 02:50:20:shellUIwindow_window:shellUIwindow::write(): #                                                                              
2014-07-31 02:50:20:shellUIwindow_window:shellUIwindow::write() done
2014-07-31 02:50:20:shellUIwindow_window:shellUIwindow::move() starting...
2014-07-31 02:50:20:shellUIwindow_window:shellUIwindow::move() done.
2014-07-31 02:50:20:shellUIwindow_status:shellUIwindow::move() starting...
2014-07-31 02:50:20:shellUIwindow_status:shellUIwindow::move() done.
2014-07-31 02:50:20:shellUIwindow_status:shellUIwindow::write() starting...
2014-07-31 02:50:20:shellUIwindow_status:shellUIwindow::write(): Row:0,Col:1,Status:Starting...
2014-07-31 02:50:20:shellUIwindow_status:shellUIwindow::write() done
2014-07-31 02:50:20:shellUIwindow_window:shellUIwindow::move() starting...
2014-07-31 02:50:20:shellUIwindow_window:shellUIwindow::move() done.
2014-07-31 02:50:20:shellUIinput:shellUIinput::__init__() done.
2014-07-31 02:50:20:shellUIwindow_window:shellUIwindow::move() starting...
2014-07-31 02:50:20:shellUIwindow_window:shellUIwindow::move() done.
2014-07-31 02:50:20:shellUIinput:shellUIinput::getInput() start
2014-07-31 02:50:20:shellUIwindow_window:shellUIwindow::move() starting...
2014-07-31 02:50:20:shellUIwindow_window:shellUIwindow::move() done.
2014-07-31 02:50:20:shellUIwindow_window:shellUIwindow::write() starting...
2014-07-31 02:50:20:shellUIwindow_window:shellUIwindow::write():                                                                               
2014-07-31 02:50:20:shellUIwindow_window:shellUIwindow::write() done
2014-07-31 02:50:20:shellUIwindow_window:shellUIwindow::move() starting...
2014-07-31 02:50:20:shellUIwindow_window:shellUIwindow::move() done.
2014-07-31 02:50:20:shellUIwindow_status:shellUIwindow::move() starting...
2014-07-31 02:50:20:shellUIwindow_status:shellUIwindow::move() done.
2014-07-31 02:50:20:shellUIwindow_status:shellUIwindow::write() starting...
2014-07-31 02:50:20:shellUIwindow_status:shellUIwindow::write(): Row:1,Col:1,Status:Starting...
2014-07-31 02:50:20:shellUIwindow_status:shellUIwindow::write() done
2014-07-31 02:50:20:shellUIwindow_window:shellUIwindow::move() starting...
2014-07-31 02:50:20:shellUIwindow_window:shellUIwindow::move() done.
2014-07-31 02:50:20:shellUIinput:(wRow:1,wCol:1):
2014-07-31 02:50:20:shellUIwindow_status:shellUIwindow::move() starting...
2014-07-31 02:50:20:shellUIwindow_status:shellUIwindow::move() done.
2014-07-31 02:50:20:shellUIwindow_status:shellUIwindow::write() starting...
2014-07-31 02:50:20:shellUIwindow_status:shellUIwindow::write(): Row:1,Col:1,Status:Waiting...
2014-07-31 02:50:20:shellUIwindow_status:shellUIwindow::write() done
2014-07-31 02:50:20:shellUIwindow_window:shellUIwindow::move() starting...
2014-07-31 02:50:20:shellUIwindow_window:shellUIwindow::move() done.
2014-07-31 02:50:21:shellUIwindow_status:shellUIwindow::move() starting...
2014-07-31 02:50:21:shellUIwindow_status:shellUIwindow::move() done.
2014-07-31 02:50:21:shellUIwindow_status:shellUIwindow::write() starting...
2014-07-31 02:50:21:shellUIwindow_status:shellUIwindow::write(): Row:1,Col:1,Status:Typing...
2014-07-31 02:50:21:shellUIwindow_status:shellUIwindow::write() done
2014-07-31 02:50:21:shellUIwindow_window:shellUIwindow::move() starting...
2014-07-31 02:50:21:shellUIwindow_window:shellUIwindow::move() done.
2014-07-31 02:50:21:shellUIwindow_window:shellUIwindow::move() starting...
2014-07-31 02:50:21:shellUIwindow_window:shellUIwindow::move() done.
2014-07-31 02:50:21:shellUIwindow_window:shellUIwindow::write() starting...
2014-07-31 02:50:21:shellUIwindow_window:shellUIwindow::write(): #t                                                                             
2014-07-31 02:50:21:shellUIwindow_window:shellUIwindow::write() done
2014-07-31 02:50:21:shellUIwindow_window:shellUIwindow::move() starting...
2014-07-31 02:50:21:shellUIwindow_window:shellUIwindow::move() done.
2014-07-31 02:50:21:shellUIwindow_status:shellUIwindow::move() starting...
2014-07-31 02:50:21:shellUIwindow_status:shellUIwindow::move() done.
2014-07-31 02:50:21:shellUIwindow_status:shellUIwindow::write() starting...
2014-07-31 02:50:21:shellUIwindow_status:shellUIwindow::write(): Row:1,Col:2,Status:Typing...
2014-07-31 02:50:21:shellUIwindow_status:shellUIwindow::write() done
2014-07-31 02:50:21:shellUIwindow_window:shellUIwindow::move() starting...
2014-07-31 02:50:21:shellUIwindow_window:shellUIwindow::move() done.
2014-07-31 02:50:21:shellUIinput:(wRow:1,wCol:2):t
2014-07-31 02:50:21:shellUIwindow_status:shellUIwindow::move() starting...
2014-07-31 02:50:21:shellUIwindow_status:shellUIwindow::move() done.
2014-07-31 02:50:21:shellUIwindow_status:shellUIwindow::write() starting...
2014-07-31 02:50:21:shellUIwindow_status:shellUIwindow::write(): Row:1,Col:2,Status:Waiting...
2014-07-31 02:50:21:shellUIwindow_status:shellUIwindow::write() done
2014-07-31 02:50:21:shellUIwindow_window:shellUIwindow::move() starting...
2014-07-31 02:50:21:shellUIwindow_window:shellUIwindow::move() done.
2014-07-31 02:50:21:shellUIwindow_status:shellUIwindow::move() starting...
2014-07-31 02:50:21:shellUIwindow_status:shellUIwindow::move() done.
2014-07-31 02:50:21:shellUIwindow_status:shellUIwindow::write() starting...
2014-07-31 02:50:21:shellUIwindow_status:shellUIwindow::write(): Row:1,Col:2,Status:Typing...
2014-07-31 02:50:21:shellUIwindow_status:shellUIwindow::write() done
2014-07-31 02:50:21:shellUIwindow_window:shellUIwindow::move() starting...
2014-07-31 02:50:21:shellUIwindow_window:shellUIwindow::move() done.
2014-07-31 02:50:21:shellUIwindow_window:shellUIwindow::move() starting...
2014-07-31 02:50:21:shellUIwindow_window:shellUIwindow::move() done.
2014-07-31 02:50:21:shellUIwindow_window:shellUIwindow::write() starting...
2014-07-31 02:50:21:shellUIwindow_window:shellUIwindow::write(): #th                                                                            
2014-07-31 02:50:21:shellUIwindow_window:shellUIwindow::write() done
2014-07-31 02:50:21:shellUIwindow_window:shellUIwindow::move() starting...
2014-07-31 02:50:21:shellUIwindow_window:shellUIwindow::move() done.
2014-07-31 02:50:21:shellUIwindow_status:shellUIwindow::move() starting...
2014-07-31 02:50:21:shellUIwindow_status:shellUIwindow::move() done.
2014-07-31 02:50:21:shellUIwindow_status:shellUIwindow::write() starting...
2014-07-31 02:50:21:shellUIwindow_status:shellUIwindow::write(): Row:1,Col:3,Status:Typing...
2014-07-31 02:50:21:shellUIwindow_status:shellUIwindow::write() done
2014-07-31 02:50:21:shellUIwindow_window:shellUIwindow::move() starting...
2014-07-31 02:50:21:shellUIwindow_window:shellUIwindow::move() done.
2014-07-31 02:50:21:shellUIinput:(wRow:1,wCol:3):th
2014-07-31 02:50:21:shellUIwindow_status:shellUIwindow::move() starting...
2014-07-31 02:50:21:shellUIwindow_status:shellUIwindow::move() done.
2014-07-31 02:50:21:shellUIwindow_status:shellUIwindow::write() starting...
2014-07-31 02:50:21:shellUIwindow_status:shellUIwindow::write(): Row:1,Col:3,Status:Waiting...
2014-07-31 02:50:21:shellUIwindow_status:shellUIwindow::write() done
2014-07-31 02:50:21:shellUIwindow_window:shellUIwindow::move() starting...
2014-07-31 02:50:21:shellUIwindow_window:shellUIwindow::move() done.
2014-07-31 02:50:21:shellUIwindow_status:shellUIwindow::move() starting...
2014-07-31 02:50:21:shellUIwindow_status:shellUIwindow::move() done.
2014-07-31 02:50:21:shellUIwindow_status:shellUIwindow::write() starting...
2014-07-31 02:50:21:shellUIwindow_status:shellUIwindow::write(): Row:1,Col:3,Status:Typing...
2014-07-31 02:50:21:shellUIwindow_status:shellUIwindow::write() done
2014-07-31 02:50:21:shellUIwindow_window:shellUIwindow::move() starting...
2014-07-31 02:50:21:shellUIwindow_window:shellUIwindow::move() done.
2014-07-31 02:50:21:shellUIwindow_window:shellUIwindow::move() starting...
2014-07-31 02:50:21:shellUIwindow_window:shellUIwindow::move() done.
2014-07-31 02:50:21:shellUIwindow_window:shellUIwindow::write() starting...
2014-07-31 02:50:21:shellUIwindow_window:shellUIwindow::write(): #thi                                                                           
2014-07-31 02:50:21:shellUIwindow_window:shellUIwindow::write() done
2014-07-31 02:50:21:shellUIwindow_window:shellUIwindow::move() starting...
2014-07-31 02:50:21:shellUIwindow_window:shellUIwindow::move() done.
2014-07-31 02:50:21:shellUIwindow_status:shellUIwindow::move() starting...
2014-07-31 02:50:21:shellUIwindow_status:shellUIwindow::move() done.
2014-07-31 02:50:21:shellUIwindow_status:shellUIwindow::write() starting...
2014-07-31 02:50:21:shellUIwindow_status:shellUIwindow::write(): Row:1,Col:4,Status:Typing...
2014-07-31 02:50:21:shellUIwindow_status:shellUIwindow::write() done
2014-07-31 02:50:21:shellUIwindow_window:shellUIwindow::move() starting...
2014-07-31 02:50:21:shellUIwindow_window:shellUIwindow::move() done.
2014-07-31 02:50:21:shellUIinput:(wRow:1,wCol:4):thi
2014-07-31 02:50:21:shellUIwindow_status:shellUIwindow::move() starting...
2014-07-31 02:50:21:shellUIwindow_status:shellUIwindow::move() done.
2014-07-31 02:50:21:shellUIwindow_status:shellUIwindow::write() starting...
2014-07-31 02:50:21:shellUIwindow_status:shellUIwindow::write(): Row:1,Col:4,Status:Waiting...
2014-07-31 02:50:21:shellUIwindow_status:shellUIwindow::write() done
2014-07-31 02:50:21:shellUIwindow_window:shellUIwindow::move() starting...
2014-07-31 02:50:21:shellUIwindow_window:shellUIwindow::move() done.
2014-07-31 02:50:21:shellUIwindow_status:shellUIwindow::move() starting...
2014-07-31 02:50:21:shellUIwindow_status:shellUIwindow::move() done.
2014-07-31 02:50:21:shellUIwindow_status:shellUIwindow::write() starting...
2014-07-31 02:50:21:shellUIwindow_status:shellUIwindow::write(): Row:1,Col:4,Status:Typing...
2014-07-31 02:50:21:shellUIwindow_status:shellUIwindow::write() done
2014-07-31 02:50:21:shellUIwindow_window:shellUIwindow::move() starting...
2014-07-31 02:50:21:shellUIwindow_window:shellUIwindow::move() done.
2014-07-31 02:50:21:shellUIwindow_window:shellUIwindow::move() starting...
2014-07-31 02:50:21:shellUIwindow_window:shellUIwindow::move() done.
2014-07-31 02:50:21:shellUIwindow_window:shellUIwindow::write() starting...
2014-07-31 02:50:21:shellUIwindow_window:shellUIwindow::write(): #this                                                                          
2014-07-31 02:50:21:shellUIwindow_window:shellUIwindow::write() done
2014-07-31 02:50:21:shellUIwindow_window:shellUIwindow::move() starting...
2014-07-31 02:50:21:shellUIwindow_window:shellUIwindow::move() done.
2014-07-31 02:50:21:shellUIwindow_status:shellUIwindow::move() starting...
2014-07-31 02:50:21:shellUIwindow_status:shellUIwindow::move() done.
2014-07-31 02:50:21:shellUIwindow_status:shellUIwindow::write() starting...
2014-07-31 02:50:21:shellUIwindow_status:shellUIwindow::write(): Row:1,Col:5,Status:Typing...
2014-07-31 02:50:21:shellUIwindow_status:shellUIwindow::write() done
2014-07-31 02:50:21:shellUIwindow_window:shellUIwindow::move() starting...
2014-07-31 02:50:21:shellUIwindow_window:shellUIwindow::move() done.
2014-07-31 02:50:21:shellUIinput:(wRow:1,wCol:5):this
2014-07-31 02:50:21:shellUIwindow_status:shellUIwindow::move() starting...
2014-07-31 02:50:21:shellUIwindow_status:shellUIwindow::move() done.
2014-07-31 02:50:21:shellUIwindow_status:shellUIwindow::write() starting...
2014-07-31 02:50:21:shellUIwindow_status:shellUIwindow::write(): Row:1,Col:5,Status:Waiting...
2014-07-31 02:50:21:shellUIwindow_status:shellUIwindow::write() done
2014-07-31 02:50:21:shellUIwindow_window:shellUIwindow::move() starting...
2014-07-31 02:50:21:shellUIwindow_window:shellUIwindow::move() done.
2014-07-31 02:50:21:shellUIwindow_status:shellUIwindow::move() starting...
2014-07-31 02:50:21:shellUIwindow_status:shellUIwindow::move() done.
2014-07-31 02:50:21:shellUIwindow_status:shellUIwindow::write() starting...
2014-07-31 02:50:21:shellUIwindow_status:shellUIwindow::write(): Row:1,Col:5,Status:Typing...
2014-07-31 02:50:21:shellUIwindow_status:shellUIwindow::write() done
2014-07-31 02:50:21:shellUIwindow_window:shellUIwindow::move() starting...
2014-07-31 02:50:21:shellUIwindow_window:shellUIwindow::move() done.
2014-07-31 02:50:21:shellUIwindow_window:shellUIwindow::move() starting...
2014-07-31 02:50:21:shellUIwindow_window:shellUIwindow::move() done.
2014-07-31 02:50:21:shellUIwindow_window:shellUIwindow::write() starting...
2014-07-31 02:50:21:shellUIwindow_window:shellUIwindow::write(): #this                                                                          
2014-07-31 02:50:21:shellUIwindow_window:shellUIwindow::write() done
2014-07-31 02:50:21:shellUIwindow_window:shellUIwindow::move() starting...
2014-07-31 02:50:21:shellUIwindow_window:shellUIwindow::move() done.
2014-07-31 02:50:21:shellUIwindow_status:shellUIwindow::move() starting...
2014-07-31 02:50:21:shellUIwindow_status:shellUIwindow::move() done.
2014-07-31 02:50:21:shellUIwindow_status:shellUIwindow::write() starting...
2014-07-31 02:50:21:shellUIwindow_status:shellUIwindow::write(): Row:1,Col:6,Status:Typing...
2014-07-31 02:50:21:shellUIwindow_status:shellUIwindow::write() done
2014-07-31 02:50:21:shellUIwindow_window:shellUIwindow::move() starting...
2014-07-31 02:50:21:shellUIwindow_window:shellUIwindow::move() done.
2014-07-31 02:50:21:shellUIinput:(wRow:1,wCol:6):this 
2014-07-31 02:50:21:shellUIwindow_status:shellUIwindow::move() starting...
2014-07-31 02:50:21:shellUIwindow_status:shellUIwindow::move() done.
2014-07-31 02:50:21:shellUIwindow_status:shellUIwindow::write() starting...
2014-07-31 02:50:21:shellUIwindow_status:shellUIwindow::write(): Row:1,Col:6,Status:Waiting...
2014-07-31 02:50:21:shellUIwindow_status:shellUIwindow::write() done
2014-07-31 02:50:21:shellUIwindow_window:shellUIwindow::move() starting...
2014-07-31 02:50:21:shellUIwindow_window:shellUIwindow::move() done.
2014-07-31 02:50:21:shellUIwindow_status:shellUIwindow::move() starting...
2014-07-31 02:50:21:shellUIwindow_status:shellUIwindow::move() done.
2014-07-31 02:50:21:shellUIwindow_status:shellUIwindow::write() starting...
2014-07-31 02:50:21:shellUIwindow_status:shellUIwindow::write(): Row:1,Col:6,Status:Typing...
2014-07-31 02:50:21:shellUIwindow_status:shellUIwindow::write() done
2014-07-31 02:50:21:shellUIwindow_window:shellUIwindow::move() starting...
2014-07-31 02:50:21:shellUIwindow_window:shellUIwindow::move() done.
2014-07-31 02:50:21:shellUIwindow_window:shellUIwindow::move() starting...
2014-07-31 02:50:21:shellUIwindow_window:shellUIwindow::move() done.
2014-07-31 02:50:21:shellUIwindow_window:shellUIwindow::write() starting...
2014-07-31 02:50:21:shellUIwindow_window:shellUIwindow::write(): #this i                                                                        
2014-07-31 02:50:21:shellUIwindow_window:shellUIwindow::write() done
2014-07-31 02:50:21:shellUIwindow_window:shellUIwindow::move() starting...
2014-07-31 02:50:21:shellUIwindow_window:shellUIwindow::move() done.
2014-07-31 02:50:21:shellUIwindow_status:shellUIwindow::move() starting...
2014-07-31 02:50:21:shellUIwindow_status:shellUIwindow::move() done.
2014-07-31 02:50:21:shellUIwindow_status:shellUIwindow::write() starting...
2014-07-31 02:50:21:shellUIwindow_status:shellUIwindow::write(): Row:1,Col:7,Status:Typing...
2014-07-31 02:50:21:shellUIwindow_status:shellUIwindow::write() done
2014-07-31 02:50:21:shellUIwindow_window:shellUIwindow::move() starting...
2014-07-31 02:50:21:shellUIwindow_window:shellUIwindow::move() done.
2014-07-31 02:50:21:shellUIinput:(wRow:1,wCol:7):this i
2014-07-31 02:50:21:shellUIwindow_status:shellUIwindow::move() starting...
2014-07-31 02:50:21:shellUIwindow_status:shellUIwindow::move() done.
2014-07-31 02:50:21:shellUIwindow_status:shellUIwindow::write() starting...
2014-07-31 02:50:21:shellUIwindow_status:shellUIwindow::write(): Row:1,Col:7,Status:Waiting...
2014-07-31 02:50:21:shellUIwindow_status:shellUIwindow::write() done
2014-07-31 02:50:21:shellUIwindow_window:shellUIwindow::move() starting...
2014-07-31 02:50:21:shellUIwindow_window:shellUIwindow::move() done.
2014-07-31 02:50:21:shellUIwindow_status:shellUIwindow::move() starting...
2014-07-31 02:50:21:shellUIwindow_status:shellUIwindow::move() done.
2014-07-31 02:50:21:shellUIwindow_status:shellUIwindow::write() starting...
2014-07-31 02:50:21:shellUIwindow_status:shellUIwindow::write(): Row:1,Col:7,Status:Typing...
2014-07-31 02:50:21:shellUIwindow_status:shellUIwindow::write() done
2014-07-31 02:50:21:shellUIwindow_window:shellUIwindow::move() starting...
2014-07-31 02:50:21:shellUIwindow_window:shellUIwindow::move() done.
2014-07-31 02:50:21:shellUIwindow_window:shellUIwindow::move() starting...
2014-07-31 02:50:21:shellUIwindow_window:shellUIwindow::move() done.
2014-07-31 02:50:21:shellUIwindow_window:shellUIwindow::write() starting...
2014-07-31 02:50:21:shellUIwindow_window:shellUIwindow::write(): #this is                                                                       
2014-07-31 02:50:21:shellUIwindow_window:shellUIwindow::write() done
2014-07-31 02:50:21:shellUIwindow_window:shellUIwindow::move() starting...
2014-07-31 02:50:21:shellUIwindow_window:shellUIwindow::move() done.
2014-07-31 02:50:21:shellUIwindow_status:shellUIwindow::move() starting...
2014-07-31 02:50:21:shellUIwindow_status:shellUIwindow::move() done.
2014-07-31 02:50:21:shellUIwindow_status:shellUIwindow::write() starting...
2014-07-31 02:50:21:shellUIwindow_status:shellUIwindow::write(): Row:1,Col:8,Status:Typing...
2014-07-31 02:50:21:shellUIwindow_status:shellUIwindow::write() done
2014-07-31 02:50:21:shellUIwindow_window:shellUIwindow::move() starting...
2014-07-31 02:50:21:shellUIwindow_window:shellUIwindow::move() done.
2014-07-31 02:50:21:shellUIinput:(wRow:1,wCol:8):this is
2014-07-31 02:50:21:shellUIwindow_status:shellUIwindow::move() starting...
2014-07-31 02:50:21:shellUIwindow_status:shellUIwindow::move() done.
2014-07-31 02:50:21:shellUIwindow_status:shellUIwindow::write() starting...
2014-07-31 02:50:21:shellUIwindow_status:shellUIwindow::write(): Row:1,Col:8,Status:Waiting...
2014-07-31 02:50:21:shellUIwindow_status:shellUIwindow::write() done
2014-07-31 02:50:21:shellUIwindow_window:shellUIwindow::move() starting...
2014-07-31 02:50:21:shellUIwindow_window:shellUIwindow::move() done.
2014-07-31 02:50:22:shellUIwindow_status:shellUIwindow::move() starting...
2014-07-31 02:50:22:shellUIwindow_status:shellUIwindow::move() done.
2014-07-31 02:50:22:shellUIwindow_status:shellUIwindow::write() starting...
2014-07-31 02:50:22:shellUIwindow_status:shellUIwindow::write(): Row:1,Col:8,Status:Typing...
2014-07-31 02:50:22:shellUIwindow_status:shellUIwindow::write() done
2014-07-31 02:50:22:shellUIwindow_window:shellUIwindow::move() starting...
2014-07-31 02:50:22:shellUIwindow_window:shellUIwindow::move() done.
2014-07-31 02:50:22:shellUIwindow_window:shellUIwindow::move() starting...
2014-07-31 02:50:22:shellUIwindow_window:shellUIwindow::move() done.
2014-07-31 02:50:22:shellUIwindow_window:shellUIwindow::write() starting...
2014-07-31 02:50:22:shellUIwindow_window:shellUIwindow::write(): #this is                                                                       
2014-07-31 02:50:22:shellUIwindow_window:shellUIwindow::write() done
2014-07-31 02:50:22:shellUIwindow_window:shellUIwindow::move() starting...
2014-07-31 02:50:22:shellUIwindow_window:shellUIwindow::move() done.
2014-07-31 02:50:22:shellUIwindow_status:shellUIwindow::move() starting...
2014-07-31 02:50:22:shellUIwindow_status:shellUIwindow::move() done.
2014-07-31 02:50:22:shellUIwindow_status:shellUIwindow::write() starting...
2014-07-31 02:50:22:shellUIwindow_status:shellUIwindow::write(): Row:1,Col:9,Status:Typing...
2014-07-31 02:50:22:shellUIwindow_status:shellUIwindow::write() done
2014-07-31 02:50:22:shellUIwindow_window:shellUIwindow::move() starting...
2014-07-31 02:50:22:shellUIwindow_window:shellUIwindow::move() done.
2014-07-31 02:50:22:shellUIinput:(wRow:1,wCol:9):this is 
2014-07-31 02:50:22:shellUIwindow_status:shellUIwindow::move() starting...
2014-07-31 02:50:22:shellUIwindow_status:shellUIwindow::move() done.
2014-07-31 02:50:22:shellUIwindow_status:shellUIwindow::write() starting...
2014-07-31 02:50:22:shellUIwindow_status:shellUIwindow::write(): Row:1,Col:9,Status:Waiting...
2014-07-31 02:50:22:shellUIwindow_status:shellUIwindow::write() done
2014-07-31 02:50:22:shellUIwindow_window:shellUIwindow::move() starting...
2014-07-31 02:50:22:shellUIwindow_window:shellUIwindow::move() done.
2014-07-31 02:50:22:shellUIwindow_status:shellUIwindow::move() starting...
2014-07-31 02:50:22:shellUIwindow_status:shellUIwindow::move() done.
2014-07-31 02:50:22:shellUIwindow_status:shellUIwindow::write() starting...
2014-07-31 02:50:22:shellUIwindow_status:shellUIwindow::write(): Row:1,Col:9,Status:Typing...
2014-07-31 02:50:22:shellUIwindow_status:shellUIwindow::write() done
2014-07-31 02:50:22:shellUIwindow_window:shellUIwindow::move() starting...
2014-07-31 02:50:22:shellUIwindow_window:shellUIwindow::move() done.
2014-07-31 02:50:22:shellUIwindow_window:shellUIwindow::move() starting...
2014-07-31 02:50:22:shellUIwindow_window:shellUIwindow::move() done.
2014-07-31 02:50:22:shellUIwindow_window:shellUIwindow::write() starting...
2014-07-31 02:50:22:shellUIwindow_window:shellUIwindow::write(): #this is a                                                                     
2014-07-31 02:50:22:shellUIwindow_window:shellUIwindow::write() done
2014-07-31 02:50:22:shellUIwindow_window:shellUIwindow::move() starting...
2014-07-31 02:50:22:shellUIwindow_window:shellUIwindow::move() done.
2014-07-31 02:50:22:shellUIwindow_status:shellUIwindow::move() starting...
2014-07-31 02:50:22:shellUIwindow_status:shellUIwindow::move() done.
2014-07-31 02:50:22:shellUIwindow_status:shellUIwindow::write() starting...
2014-07-31 02:50:22:shellUIwindow_status:shellUIwindow::write(): Row:1,Col:10,Status:Typing...
2014-07-31 02:50:22:shellUIwindow_status:shellUIwindow::write() done
2014-07-31 02:50:22:shellUIwindow_window:shellUIwindow::move() starting...
2014-07-31 02:50:22:shellUIwindow_window:shellUIwindow::move() done.
2014-07-31 02:50:22:shellUIinput:(wRow:1,wCol:10):this is a
2014-07-31 02:50:22:shellUIwindow_status:shellUIwindow::move() starting...
2014-07-31 02:50:22:shellUIwindow_status:shellUIwindow::move() done.
2014-07-31 02:50:22:shellUIwindow_status:shellUIwindow::write() starting...
2014-07-31 02:50:22:shellUIwindow_status:shellUIwindow::write(): Row:1,Col:10,Status:Waiting...
2014-07-31 02:50:22:shellUIwindow_status:shellUIwindow::write() done
2014-07-31 02:50:22:shellUIwindow_window:shellUIwindow::move() starting...
2014-07-31 02:50:22:shellUIwindow_window:shellUIwindow::move() done.
2014-07-31 02:50:22:shellUIwindow_status:shellUIwindow::move() starting...
2014-07-31 02:50:22:shellUIwindow_status:shellUIwindow::move() done.
2014-07-31 02:50:22:shellUIwindow_status:shellUIwindow::write() starting...
2014-07-31 02:50:22:shellUIwindow_status:shellUIwindow::write(): Row:1,Col:10,Status:Typing...
2014-07-31 02:50:22:shellUIwindow_status:shellUIwindow::write() done
2014-07-31 02:50:22:shellUIwindow_window:shellUIwindow::move() starting...
2014-07-31 02:50:22:shellUIwindow_window:shellUIwindow::move() done.
2014-07-31 02:50:22:shellUIwindow_window:shellUIwindow::move() starting...
2014-07-31 02:50:22:shellUIwindow_window:shellUIwindow::move() done.
2014-07-31 02:50:22:shellUIwindow_window:shellUIwindow::write() starting...
2014-07-31 02:50:22:shellUIwindow_window:shellUIwindow::write(): #this is a                                                                     
2014-07-31 02:50:22:shellUIwindow_window:shellUIwindow::write() done
2014-07-31 02:50:22:shellUIwindow_window:shellUIwindow::move() starting...
2014-07-31 02:50:22:shellUIwindow_window:shellUIwindow::move() done.
2014-07-31 02:50:22:shellUIwindow_status:shellUIwindow::move() starting...
2014-07-31 02:50:22:shellUIwindow_status:shellUIwindow::move() done.
2014-07-31 02:50:22:shellUIwindow_status:shellUIwindow::write() starting...
2014-07-31 02:50:22:shellUIwindow_status:shellUIwindow::write(): Row:1,Col:11,Status:Typing...
2014-07-31 02:50:22:shellUIwindow_status:shellUIwindow::write() done
2014-07-31 02:50:22:shellUIwindow_window:shellUIwindow::move() starting...
2014-07-31 02:50:22:shellUIwindow_window:shellUIwindow::move() done.
2014-07-31 02:50:22:shellUIinput:(wRow:1,wCol:11):this is a 
2014-07-31 02:50:22:shellUIwindow_status:shellUIwindow::move() starting...
2014-07-31 02:50:22:shellUIwindow_status:shellUIwindow::move() done.
2014-07-31 02:50:22:shellUIwindow_status:shellUIwindow::write() starting...
2014-07-31 02:50:22:shellUIwindow_status:shellUIwindow::write(): Row:1,Col:11,Status:Waiting...
2014-07-31 02:50:22:shellUIwindow_status:shellUIwindow::write() done
2014-07-31 02:50:22:shellUIwindow_window:shellUIwindow::move() starting...
2014-07-31 02:50:22:shellUIwindow_window:shellUIwindow::move() done.
2014-07-31 02:50:22:shellUIwindow_status:shellUIwindow::move() starting...
2014-07-31 02:50:22:shellUIwindow_status:shellUIwindow::move() done.
2014-07-31 02:50:22:shellUIwindow_status:shellUIwindow::write() starting...
2014-07-31 02:50:22:shellUIwindow_status:shellUIwindow::write(): Row:1,Col:11,Status:Typing...
2014-07-31 02:50:22:shellUIwindow_status:shellUIwindow::write() done
2014-07-31 02:50:22:shellUIwindow_window:shellUIwindow::move() starting...
2014-07-31 02:50:22:shellUIwindow_window:shellUIwindow::move() done.
2014-07-31 02:50:22:shellUIwindow_window:shellUIwindow::move() starting...
2014-07-31 02:50:22:shellUIwindow_window:shellUIwindow::move() done.
2014-07-31 02:50:22:shellUIwindow_window:shellUIwindow::write() starting...
2014-07-31 02:50:22:shellUIwindow_window:shellUIwindow::write(): #this is a t                                                                   
2014-07-31 02:50:22:shellUIwindow_window:shellUIwindow::write() done
2014-07-31 02:50:22:shellUIwindow_window:shellUIwindow::move() starting...
2014-07-31 02:50:22:shellUIwindow_window:shellUIwindow::move() done.
2014-07-31 02:50:22:shellUIwindow_status:shellUIwindow::move() starting...
2014-07-31 02:50:22:shellUIwindow_status:shellUIwindow::move() done.
2014-07-31 02:50:22:shellUIwindow_status:shellUIwindow::write() starting...
2014-07-31 02:50:22:shellUIwindow_status:shellUIwindow::write(): Row:1,Col:12,Status:Typing...
2014-07-31 02:50:22:shellUIwindow_status:shellUIwindow::write() done
2014-07-31 02:50:22:shellUIwindow_window:shellUIwindow::move() starting...
2014-07-31 02:50:22:shellUIwindow_window:shellUIwindow::move() done.
2014-07-31 02:50:22:shellUIinput:(wRow:1,wCol:12):this is a t
2014-07-31 02:50:22:shellUIwindow_status:shellUIwindow::move() starting...
2014-07-31 02:50:22:shellUIwindow_status:shellUIwindow::move() done.
2014-07-31 02:50:22:shellUIwindow_status:shellUIwindow::write() starting...
2014-07-31 02:50:22:shellUIwindow_status:shellUIwindow::write(): Row:1,Col:12,Status:Waiting...
2014-07-31 02:50:22:shellUIwindow_status:shellUIwindow::write() done
2014-07-31 02:50:22:shellUIwindow_window:shellUIwindow::move() starting...
2014-07-31 02:50:22:shellUIwindow_window:shellUIwindow::move() done.
2014-07-31 02:50:22:shellUIwindow_status:shellUIwindow::move() starting...
2014-07-31 02:50:22:shellUIwindow_status:shellUIwindow::move() done.
2014-07-31 02:50:22:shellUIwindow_status:shellUIwindow::write() starting...
2014-07-31 02:50:22:shellUIwindow_status:shellUIwindow::write(): Row:1,Col:12,Status:Typing...
2014-07-31 02:50:22:shellUIwindow_status:shellUIwindow::write() done
2014-07-31 02:50:22:shellUIwindow_window:shellUIwindow::move() starting...
2014-07-31 02:50:22:shellUIwindow_window:shellUIwindow::move() done.
2014-07-31 02:50:22:shellUIwindow_window:shellUIwindow::move() starting...
2014-07-31 02:50:22:shellUIwindow_window:shellUIwindow::move() done.
2014-07-31 02:50:22:shellUIwindow_window:shellUIwindow::write() starting...
2014-07-31 02:50:22:shellUIwindow_window:shellUIwindow::write(): #this is a te                                                                  
2014-07-31 02:50:22:shellUIwindow_window:shellUIwindow::write() done
2014-07-31 02:50:22:shellUIwindow_window:shellUIwindow::move() starting...
2014-07-31 02:50:22:shellUIwindow_window:shellUIwindow::move() done.
2014-07-31 02:50:22:shellUIwindow_status:shellUIwindow::move() starting...
2014-07-31 02:50:22:shellUIwindow_status:shellUIwindow::move() done.
2014-07-31 02:50:22:shellUIwindow_status:shellUIwindow::write() starting...
2014-07-31 02:50:22:shellUIwindow_status:shellUIwindow::write(): Row:1,Col:13,Status:Typing...
2014-07-31 02:50:22:shellUIwindow_status:shellUIwindow::write() done
2014-07-31 02:50:22:shellUIwindow_window:shellUIwindow::move() starting...
2014-07-31 02:50:22:shellUIwindow_window:shellUIwindow::move() done.
2014-07-31 02:50:22:shellUIinput:(wRow:1,wCol:13):this is a te
2014-07-31 02:50:22:shellUIwindow_status:shellUIwindow::move() starting...
2014-07-31 02:50:22:shellUIwindow_status:shellUIwindow::move() done.
2014-07-31 02:50:22:shellUIwindow_status:shellUIwindow::write() starting...
2014-07-31 02:50:22:shellUIwindow_status:shellUIwindow::write(): Row:1,Col:13,Status:Waiting...
2014-07-31 02:50:22:shellUIwindow_status:shellUIwindow::write() done
2014-07-31 02:50:22:shellUIwindow_window:shellUIwindow::move() starting...
2014-07-31 02:50:22:shellUIwindow_window:shellUIwindow::move() done.
2014-07-31 02:50:23:shellUIwindow_status:shellUIwindow::move() starting...
2014-07-31 02:50:23:shellUIwindow_status:shellUIwindow::move() done.
2014-07-31 02:50:23:shellUIwindow_status:shellUIwindow::write() starting...
2014-07-31 02:50:23:shellUIwindow_status:shellUIwindow::write(): Row:1,Col:13,Status:Typing...
2014-07-31 02:50:23:shellUIwindow_status:shellUIwindow::write() done
2014-07-31 02:50:23:shellUIwindow_window:shellUIwindow::move() starting...
2014-07-31 02:50:23:shellUIwindow_window:shellUIwindow::move() done.
2014-07-31 02:50:23:shellUIwindow_window:shellUIwindow::move() starting...
2014-07-31 02:50:23:shellUIwindow_window:shellUIwindow::move() done.
2014-07-31 02:50:23:shellUIwindow_window:shellUIwindow::write() starting...
2014-07-31 02:50:23:shellUIwindow_window:shellUIwindow::write(): #this is a tes                                                                 
2014-07-31 02:50:23:shellUIwindow_window:shellUIwindow::write() done
2014-07-31 02:50:23:shellUIwindow_window:shellUIwindow::move() starting...
2014-07-31 02:50:23:shellUIwindow_window:shellUIwindow::move() done.
2014-07-31 02:50:23:shellUIwindow_status:shellUIwindow::move() starting...
2014-07-31 02:50:23:shellUIwindow_status:shellUIwindow::move() done.
2014-07-31 02:50:23:shellUIwindow_status:shellUIwindow::write() starting...
2014-07-31 02:50:23:shellUIwindow_status:shellUIwindow::write(): Row:1,Col:14,Status:Typing...
2014-07-31 02:50:23:shellUIwindow_status:shellUIwindow::write() done
2014-07-31 02:50:23:shellUIwindow_window:shellUIwindow::move() starting...
2014-07-31 02:50:23:shellUIwindow_window:shellUIwindow::move() done.
2014-07-31 02:50:23:shellUIinput:(wRow:1,wCol:14):this is a tes
2014-07-31 02:50:23:shellUIwindow_status:shellUIwindow::move() starting...
2014-07-31 02:50:23:shellUIwindow_status:shellUIwindow::move() done.
2014-07-31 02:50:23:shellUIwindow_status:shellUIwindow::write() starting...
2014-07-31 02:50:23:shellUIwindow_status:shellUIwindow::write(): Row:1,Col:14,Status:Waiting...
2014-07-31 02:50:23:shellUIwindow_status:shellUIwindow::write() done
2014-07-31 02:50:23:shellUIwindow_window:shellUIwindow::move() starting...
2014-07-31 02:50:23:shellUIwindow_window:shellUIwindow::move() done.
2014-07-31 02:50:23:shellUIwindow_status:shellUIwindow::move() starting...
2014-07-31 02:50:23:shellUIwindow_status:shellUIwindow::move() done.
2014-07-31 02:50:23:shellUIwindow_status:shellUIwindow::write() starting...
2014-07-31 02:50:23:shellUIwindow_status:shellUIwindow::write(): Row:1,Col:14,Status:Typing...
2014-07-31 02:50:23:shellUIwindow_status:shellUIwindow::write() done
2014-07-31 02:50:23:shellUIwindow_window:shellUIwindow::move() starting...
2014-07-31 02:50:23:shellUIwindow_window:shellUIwindow::move() done.
2014-07-31 02:50:23:shellUIwindow_window:shellUIwindow::move() starting...
2014-07-31 02:50:23:shellUIwindow_window:shellUIwindow::move() done.
2014-07-31 02:50:23:shellUIwindow_window:shellUIwindow::write() starting...
2014-07-31 02:50:23:shellUIwindow_window:shellUIwindow::write(): #this is a test                                                                
2014-07-31 02:50:23:shellUIwindow_window:shellUIwindow::write() done
2014-07-31 02:50:23:shellUIwindow_window:shellUIwindow::move() starting...
2014-07-31 02:50:23:shellUIwindow_window:shellUIwindow::move() done.
2014-07-31 02:50:23:shellUIwindow_status:shellUIwindow::move() starting...
2014-07-31 02:50:23:shellUIwindow_status:shellUIwindow::move() done.
2014-07-31 02:50:23:shellUIwindow_status:shellUIwindow::write() starting...
2014-07-31 02:50:23:shellUIwindow_status:shellUIwindow::write(): Row:1,Col:15,Status:Typing...
2014-07-31 02:50:23:shellUIwindow_status:shellUIwindow::write() done
2014-07-31 02:50:23:shellUIwindow_window:shellUIwindow::move() starting...
2014-07-31 02:50:23:shellUIwindow_window:shellUIwindow::move() done.
2014-07-31 02:50:23:shellUIinput:(wRow:1,wCol:15):this is a test
2014-07-31 02:50:23:shellUIwindow_status:shellUIwindow::move() starting...
2014-07-31 02:50:23:shellUIwindow_status:shellUIwindow::move() done.
2014-07-31 02:50:23:shellUIwindow_status:shellUIwindow::write() starting...
2014-07-31 02:50:23:shellUIwindow_status:shellUIwindow::write(): Row:1,Col:15,Status:Waiting...
2014-07-31 02:50:23:shellUIwindow_status:shellUIwindow::write() done
2014-07-31 02:50:23:shellUIwindow_window:shellUIwindow::move() starting...
2014-07-31 02:50:23:shellUIwindow_window:shellUIwindow::move() done.
2014-07-31 02:50:23:shellUIwindow_status:shellUIwindow::move() starting...
2014-07-31 02:50:23:shellUIwindow_status:shellUIwindow::move() done.
2014-07-31 02:50:23:shellUIwindow_status:shellUIwindow::write() starting...
2014-07-31 02:50:23:shellUIwindow_status:shellUIwindow::write(): Row:1,Col:15,Status:Typing...
2014-07-31 02:50:23:shellUIwindow_status:shellUIwindow::write() done
2014-07-31 02:50:23:shellUIwindow_window:shellUIwindow::move() starting...
2014-07-31 02:50:23:shellUIwindow_window:shellUIwindow::move() done.
2014-07-31 02:50:23:shellUIinput:shellUIinput::__actionBackspace__():
2014-07-31 02:50:23:shellUIwindow_window:shellUIwindow::move() starting...
2014-07-31 02:50:23:shellUIwindow_window:shellUIwindow::move() done.
2014-07-31 02:50:23:shellUIwindow_window:shellUIwindow::write() starting...
2014-07-31 02:50:23:shellUIwindow_window:shellUIwindow::write(): #this is a tes                                                                 
2014-07-31 02:50:23:shellUIwindow_window:shellUIwindow::write() done
2014-07-31 02:50:23:shellUIwindow_window:shellUIwindow::move() starting...
2014-07-31 02:50:23:shellUIwindow_window:shellUIwindow::move() done.
2014-07-31 02:50:23:shellUIwindow_status:shellUIwindow::move() starting...
2014-07-31 02:50:23:shellUIwindow_status:shellUIwindow::move() done.
2014-07-31 02:50:23:shellUIwindow_status:shellUIwindow::write() starting...
2014-07-31 02:50:23:shellUIwindow_status:shellUIwindow::write(): Row:1,Col:14,Status:Typing...
2014-07-31 02:50:23:shellUIwindow_status:shellUIwindow::write() done
2014-07-31 02:50:23:shellUIwindow_window:shellUIwindow::move() starting...
2014-07-31 02:50:23:shellUIwindow_window:shellUIwindow::move() done.
2014-07-31 02:50:23:shellUIinput:(wRow:1,wCol:14):this is a tes
2014-07-31 02:50:23:shellUIwindow_status:shellUIwindow::move() starting...
2014-07-31 02:50:23:shellUIwindow_status:shellUIwindow::move() done.
2014-07-31 02:50:23:shellUIwindow_status:shellUIwindow::write() starting...
2014-07-31 02:50:23:shellUIwindow_status:shellUIwindow::write(): Row:1,Col:14,Status:Waiting...
2014-07-31 02:50:23:shellUIwindow_status:shellUIwindow::write() done
2014-07-31 02:50:23:shellUIwindow_window:shellUIwindow::move() starting...
2014-07-31 02:50:23:shellUIwindow_window:shellUIwindow::move() done.
2014-07-31 02:50:23:shellUIwindow_status:shellUIwindow::move() starting...
2014-07-31 02:50:23:shellUIwindow_status:shellUIwindow::move() done.
2014-07-31 02:50:23:shellUIwindow_status:shellUIwindow::write() starting...
2014-07-31 02:50:23:shellUIwindow_status:shellUIwindow::write(): Row:1,Col:14,Status:Typing...
2014-07-31 02:50:23:shellUIwindow_status:shellUIwindow::write() done
2014-07-31 02:50:23:shellUIwindow_window:shellUIwindow::move() starting...
2014-07-31 02:50:23:shellUIwindow_window:shellUIwindow::move() done.
2014-07-31 02:50:23:shellUIinput:shellUIinput::__actionBackspace__():
2014-07-31 02:50:23:shellUIwindow_window:shellUIwindow::move() starting...
2014-07-31 02:50:23:shellUIwindow_window:shellUIwindow::move() done.
2014-07-31 02:50:23:shellUIwindow_window:shellUIwindow::write() starting...
2014-07-31 02:50:23:shellUIwindow_window:shellUIwindow::write(): #this is a te                                                                  
2014-07-31 02:50:23:shellUIwindow_window:shellUIwindow::write() done
2014-07-31 02:50:23:shellUIwindow_window:shellUIwindow::move() starting...
2014-07-31 02:50:23:shellUIwindow_window:shellUIwindow::move() done.
2014-07-31 02:50:23:shellUIwindow_status:shellUIwindow::move() starting...
2014-07-31 02:50:23:shellUIwindow_status:shellUIwindow::move() done.
2014-07-31 02:50:23:shellUIwindow_status:shellUIwindow::write() starting...
2014-07-31 02:50:23:shellUIwindow_status:shellUIwindow::write(): Row:1,Col:13,Status:Typing...
2014-07-31 02:50:23:shellUIwindow_status:shellUIwindow::write() done
2014-07-31 02:50:23:shellUIwindow_window:shellUIwindow::move() starting...
2014-07-31 02:50:23:shellUIwindow_window:shellUIwindow::move() done.
2014-07-31 02:50:23:shellUIinput:(wRow:1,wCol:13):this is a te
2014-07-31 02:50:23:shellUIwindow_status:shellUIwindow::move() starting...
2014-07-31 02:50:23:shellUIwindow_status:shellUIwindow::move() done.
2014-07-31 02:50:23:shellUIwindow_status:shellUIwindow::write() starting...
2014-07-31 02:50:23:shellUIwindow_status:shellUIwindow::write(): Row:1,Col:13,Status:Waiting...
2014-07-31 02:50:23:shellUIwindow_status:shellUIwindow::write() done
2014-07-31 02:50:23:shellUIwindow_window:shellUIwindow::move() starting...
2014-07-31 02:50:23:shellUIwindow_window:shellUIwindow::move() done.
2014-07-31 02:50:23:shellUIwindow_status:shellUIwindow::move() starting...
2014-07-31 02:50:23:shellUIwindow_status:shellUIwindow::move() done.
2014-07-31 02:50:23:shellUIwindow_status:shellUIwindow::write() starting...
2014-07-31 02:50:23:shellUIwindow_status:shellUIwindow::write(): Row:1,Col:13,Status:Typing...
2014-07-31 02:50:23:shellUIwindow_status:shellUIwindow::write() done
2014-07-31 02:50:23:shellUIwindow_window:shellUIwindow::move() starting...
2014-07-31 02:50:23:shellUIwindow_window:shellUIwindow::move() done.
2014-07-31 02:50:23:shellUIinput:shellUIinput::__actionBackspace__():
2014-07-31 02:50:23:shellUIwindow_window:shellUIwindow::move() starting...
2014-07-31 02:50:23:shellUIwindow_window:shellUIwindow::move() done.
2014-07-31 02:50:23:shellUIwindow_window:shellUIwindow::write() starting...
2014-07-31 02:50:23:shellUIwindow_window:shellUIwindow::write(): #this is a t                                                                   
2014-07-31 02:50:23:shellUIwindow_window:shellUIwindow::write() done
2014-07-31 02:50:23:shellUIwindow_window:shellUIwindow::move() starting...
2014-07-31 02:50:23:shellUIwindow_window:shellUIwindow::move() done.
2014-07-31 02:50:23:shellUIwindow_status:shellUIwindow::move() starting...
2014-07-31 02:50:23:shellUIwindow_status:shellUIwindow::move() done.
2014-07-31 02:50:23:shellUIwindow_status:shellUIwindow::write() starting...
2014-07-31 02:50:23:shellUIwindow_status:shellUIwindow::write(): Row:1,Col:12,Status:Typing...
2014-07-31 02:50:23:shellUIwindow_status:shellUIwindow::write() done
2014-07-31 02:50:23:shellUIwindow_window:shellUIwindow::move() starting...
2014-07-31 02:50:23:shellUIwindow_window:shellUIwindow::move() done.
2014-07-31 02:50:23:shellUIinput:(wRow:1,wCol:12):this is a t
2014-07-31 02:50:23:shellUIwindow_status:shellUIwindow::move() starting...
2014-07-31 02:50:23:shellUIwindow_status:shellUIwindow::move() done.
2014-07-31 02:50:23:shellUIwindow_status:shellUIwindow::write() starting...
2014-07-31 02:50:23:shellUIwindow_status:shellUIwindow::write(): Row:1,Col:12,Status:Waiting...
2014-07-31 02:50:23:shellUIwindow_status:shellUIwindow::write() done
2014-07-31 02:50:23:shellUIwindow_window:shellUIwindow::move() starting...
2014-07-31 02:50:23:shellUIwindow_window:shellUIwindow::move() done.
2014-07-31 02:50:24:shellUIwindow_status:shellUIwindow::move() starting...
2014-07-31 02:50:24:shellUIwindow_status:shellUIwindow::move() done.
2014-07-31 02:50:24:shellUIwindow_status:shellUIwindow::write() starting...
2014-07-31 02:50:24:shellUIwindow_status:shellUIwindow::write(): Row:1,Col:12,Status:Typing...
2014-07-31 02:50:24:shellUIwindow_status:shellUIwindow::write() done
2014-07-31 02:50:24:shellUIwindow_window:shellUIwindow::move() starting...
2014-07-31 02:50:24:shellUIwindow_window:shellUIwindow::move() done.
2014-07-31 02:50:24:shellUIinput:shellUIinput::__actionBackspace__():
2014-07-31 02:50:24:shellUIwindow_window:shellUIwindow::move() starting...
2014-07-31 02:50:24:shellUIwindow_window:shellUIwindow::move() done.
2014-07-31 02:50:24:shellUIwindow_window:shellUIwindow::write() starting...
2014-07-31 02:50:24:shellUIwindow_window:shellUIwindow::write(): #this is a                                                                     
2014-07-31 02:50:24:shellUIwindow_window:shellUIwindow::write() done
2014-07-31 02:50:24:shellUIwindow_window:shellUIwindow::move() starting...
2014-07-31 02:50:24:shellUIwindow_window:shellUIwindow::move() done.
2014-07-31 02:50:24:shellUIwindow_status:shellUIwindow::move() starting...
2014-07-31 02:50:24:shellUIwindow_status:shellUIwindow::move() done.
2014-07-31 02:50:24:shellUIwindow_status:shellUIwindow::write() starting...
2014-07-31 02:50:24:shellUIwindow_status:shellUIwindow::write(): Row:1,Col:11,Status:Typing...
2014-07-31 02:50:24:shellUIwindow_status:shellUIwindow::write() done
2014-07-31 02:50:24:shellUIwindow_window:shellUIwindow::move() starting...
2014-07-31 02:50:24:shellUIwindow_window:shellUIwindow::move() done.
2014-07-31 02:50:24:shellUIinput:(wRow:1,wCol:11):this is a 
2014-07-31 02:50:24:shellUIwindow_status:shellUIwindow::move() starting...
2014-07-31 02:50:24:shellUIwindow_status:shellUIwindow::move() done.
2014-07-31 02:50:24:shellUIwindow_status:shellUIwindow::write() starting...
2014-07-31 02:50:24:shellUIwindow_status:shellUIwindow::write(): Row:1,Col:11,Status:Waiting...
2014-07-31 02:50:24:shellUIwindow_status:shellUIwindow::write() done
2014-07-31 02:50:24:shellUIwindow_window:shellUIwindow::move() starting...
2014-07-31 02:50:24:shellUIwindow_window:shellUIwindow::move() done.
2014-07-31 02:50:24:shellUIwindow_status:shellUIwindow::move() starting...
2014-07-31 02:50:24:shellUIwindow_status:shellUIwindow::move() done.
2014-07-31 02:50:24:shellUIwindow_status:shellUIwindow::write() starting...
2014-07-31 02:50:24:shellUIwindow_status:shellUIwindow::write(): Row:1,Col:11,Status:Typing...
2014-07-31 02:50:24:shellUIwindow_status:shellUIwindow::write() done
2014-07-31 02:50:24:shellUIwindow_window:shellUIwindow::move() starting...
2014-07-31 02:50:24:shellUIwindow_window:shellUIwindow::move() done.
2014-07-31 02:50:24:shellUIinput:shellUIinput::__actionBackspace__():
2014-07-31 02:50:24:shellUIwindow_window:shellUIwindow::move() starting...
2014-07-31 02:50:24:shellUIwindow_window:shellUIwindow::move() done.
2014-07-31 02:50:24:shellUIwindow_window:shellUIwindow::write() starting...
2014-07-31 02:50:24:shellUIwindow_window:shellUIwindow::write(): #this is a                                                                     
2014-07-31 02:50:24:shellUIwindow_window:shellUIwindow::write() done
2014-07-31 02:50:24:shellUIwindow_window:shellUIwindow::move() starting...
2014-07-31 02:50:24:shellUIwindow_window:shellUIwindow::move() done.
2014-07-31 02:50:24:shellUIwindow_status:shellUIwindow::move() starting...
2014-07-31 02:50:24:shellUIwindow_status:shellUIwindow::move() done.
2014-07-31 02:50:24:shellUIwindow_status:shellUIwindow::write() starting...
2014-07-31 02:50:24:shellUIwindow_status:shellUIwindow::write(): Row:1,Col:10,Status:Typing...
2014-07-31 02:50:24:shellUIwindow_status:shellUIwindow::write() done
2014-07-31 02:50:24:shellUIwindow_window:shellUIwindow::move() starting...
2014-07-31 02:50:24:shellUIwindow_window:shellUIwindow::move() done.
2014-07-31 02:50:24:shellUIinput:(wRow:1,wCol:10):this is a
2014-07-31 02:50:24:shellUIwindow_status:shellUIwindow::move() starting...
2014-07-31 02:50:24:shellUIwindow_status:shellUIwindow::move() done.
2014-07-31 02:50:24:shellUIwindow_status:shellUIwindow::write() starting...
2014-07-31 02:50:24:shellUIwindow_status:shellUIwindow::write(): Row:1,Col:10,Status:Waiting...
2014-07-31 02:50:24:shellUIwindow_status:shellUIwindow::write() done
2014-07-31 02:50:24:shellUIwindow_window:shellUIwindow::move() starting...
2014-07-31 02:50:24:shellUIwindow_window:shellUIwindow::move() done.
2014-07-31 02:50:24:shellUIwindow_status:shellUIwindow::move() starting...
2014-07-31 02:50:24:shellUIwindow_status:shellUIwindow::move() done.
2014-07-31 02:50:24:shellUIwindow_status:shellUIwindow::write() starting...
2014-07-31 02:50:24:shellUIwindow_status:shellUIwindow::write(): Row:1,Col:10,Status:Typing...
2014-07-31 02:50:24:shellUIwindow_status:shellUIwindow::write() done
2014-07-31 02:50:24:shellUIwindow_window:shellUIwindow::move() starting...
2014-07-31 02:50:24:shellUIwindow_window:shellUIwindow::move() done.
2014-07-31 02:50:24:shellUIinput:shellUIinput::__actionBackspace__():
2014-07-31 02:50:24:shellUIwindow_window:shellUIwindow::move() starting...
2014-07-31 02:50:24:shellUIwindow_window:shellUIwindow::move() done.
2014-07-31 02:50:24:shellUIwindow_window:shellUIwindow::write() starting...
2014-07-31 02:50:24:shellUIwindow_window:shellUIwindow::write(): #this is                                                                       
2014-07-31 02:50:24:shellUIwindow_window:shellUIwindow::write() done
2014-07-31 02:50:24:shellUIwindow_window:shellUIwindow::move() starting...
2014-07-31 02:50:24:shellUIwindow_window:shellUIwindow::move() done.
2014-07-31 02:50:24:shellUIwindow_status:shellUIwindow::move() starting...
2014-07-31 02:50:24:shellUIwindow_status:shellUIwindow::move() done.
2014-07-31 02:50:24:shellUIwindow_status:shellUIwindow::write() starting...
2014-07-31 02:50:24:shellUIwindow_status:shellUIwindow::write(): Row:1,Col:9,Status:Typing...
2014-07-31 02:50:24:shellUIwindow_status:shellUIwindow::write() done
2014-07-31 02:50:24:shellUIwindow_window:shellUIwindow::move() starting...
2014-07-31 02:50:24:shellUIwindow_window:shellUIwindow::move() done.
2014-07-31 02:50:24:shellUIinput:(wRow:1,wCol:9):this is 
2014-07-31 02:50:24:shellUIwindow_status:shellUIwindow::move() starting...
2014-07-31 02:50:24:shellUIwindow_status:shellUIwindow::move() done.
2014-07-31 02:50:24:shellUIwindow_status:shellUIwindow::write() starting...
2014-07-31 02:50:24:shellUIwindow_status:shellUIwindow::write(): Row:1,Col:9,Status:Waiting...
2014-07-31 02:50:24:shellUIwindow_status:shellUIwindow::write() done
2014-07-31 02:50:24:shellUIwindow_window:shellUIwindow::move() starting...
2014-07-31 02:50:24:shellUIwindow_window:shellUIwindow::move() done.
2014-07-31 02:50:24:shellUIwindow_status:shellUIwindow::move() starting...
2014-07-31 02:50:24:shellUIwindow_status:shellUIwindow::move() done.
2014-07-31 02:50:24:shellUIwindow_status:shellUIwindow::write() starting...
2014-07-31 02:50:24:shellUIwindow_status:shellUIwindow::write(): Row:1,Col:9,Status:Typing...
2014-07-31 02:50:24:shellUIwindow_status:shellUIwindow::write() done
2014-07-31 02:50:24:shellUIwindow_window:shellUIwindow::move() starting...
2014-07-31 02:50:24:shellUIwindow_window:shellUIwindow::move() done.
2014-07-31 02:50:24:shellUIinput:shellUIinput::__actionBackspace__():
2014-07-31 02:50:24:shellUIwindow_window:shellUIwindow::move() starting...
2014-07-31 02:50:24:shellUIwindow_window:shellUIwindow::move() done.
2014-07-31 02:50:24:shellUIwindow_window:shellUIwindow::write() starting...
2014-07-31 02:50:24:shellUIwindow_window:shellUIwindow::write(): #this is                                                                       
2014-07-31 02:50:24:shellUIwindow_window:shellUIwindow::write() done
2014-07-31 02:50:24:shellUIwindow_window:shellUIwindow::move() starting...
2014-07-31 02:50:24:shellUIwindow_window:shellUIwindow::move() done.
2014-07-31 02:50:24:shellUIwindow_status:shellUIwindow::move() starting...
2014-07-31 02:50:24:shellUIwindow_status:shellUIwindow::move() done.
2014-07-31 02:50:24:shellUIwindow_status:shellUIwindow::write() starting...
2014-07-31 02:50:24:shellUIwindow_status:shellUIwindow::write(): Row:1,Col:8,Status:Typing...
2014-07-31 02:50:24:shellUIwindow_status:shellUIwindow::write() done
2014-07-31 02:50:24:shellUIwindow_window:shellUIwindow::move() starting...
2014-07-31 02:50:24:shellUIwindow_window:shellUIwindow::move() done.
2014-07-31 02:50:24:shellUIinput:(wRow:1,wCol:8):this is
2014-07-31 02:50:24:shellUIwindow_status:shellUIwindow::move() starting...
2014-07-31 02:50:24:shellUIwindow_status:shellUIwindow::move() done.
2014-07-31 02:50:24:shellUIwindow_status:shellUIwindow::write() starting...
2014-07-31 02:50:24:shellUIwindow_status:shellUIwindow::write(): Row:1,Col:8,Status:Waiting...
2014-07-31 02:50:24:shellUIwindow_status:shellUIwindow::write() done
2014-07-31 02:50:24:shellUIwindow_window:shellUIwindow::move() starting...
2014-07-31 02:50:24:shellUIwindow_window:shellUIwindow::move() done.
2014-07-31 02:50:24:shellUIwindow_status:shellUIwindow::move() starting...
2014-07-31 02:50:24:shellUIwindow_status:shellUIwindow::move() done.
2014-07-31 02:50:24:shellUIwindow_status:shellUIwindow::write() starting...
2014-07-31 02:50:24:shellUIwindow_status:shellUIwindow::write(): Row:1,Col:8,Status:Typing...
2014-07-31 02:50:24:shellUIwindow_status:shellUIwindow::write() done
2014-07-31 02:50:24:shellUIwindow_window:shellUIwindow::move() starting...
2014-07-31 02:50:24:shellUIwindow_window:shellUIwindow::move() done.
2014-07-31 02:50:24:shellUIinput:shellUIinput::__actionBackspace__():
2014-07-31 02:50:24:shellUIwindow_window:shellUIwindow::move() starting...
2014-07-31 02:50:24:shellUIwindow_window:shellUIwindow::move() done.
2014-07-31 02:50:24:shellUIwindow_window:shellUIwindow::write() starting...
2014-07-31 02:50:24:shellUIwindow_window:shellUIwindow::write(): #this i                                                                        
2014-07-31 02:50:24:shellUIwindow_window:shellUIwindow::write() done
2014-07-31 02:50:24:shellUIwindow_window:shellUIwindow::move() starting...
2014-07-31 02:50:24:shellUIwindow_window:shellUIwindow::move() done.
2014-07-31 02:50:24:shellUIwindow_status:shellUIwindow::move() starting...
2014-07-31 02:50:24:shellUIwindow_status:shellUIwindow::move() done.
2014-07-31 02:50:24:shellUIwindow_status:shellUIwindow::write() starting...
2014-07-31 02:50:24:shellUIwindow_status:shellUIwindow::write(): Row:1,Col:7,Status:Typing...
2014-07-31 02:50:24:shellUIwindow_status:shellUIwindow::write() done
2014-07-31 02:50:24:shellUIwindow_window:shellUIwindow::move() starting...
2014-07-31 02:50:24:shellUIwindow_window:shellUIwindow::move() done.
2014-07-31 02:50:24:shellUIinput:(wRow:1,wCol:7):this i
2014-07-31 02:50:24:shellUIwindow_status:shellUIwindow::move() starting...
2014-07-31 02:50:24:shellUIwindow_status:shellUIwindow::move() done.
2014-07-31 02:50:24:shellUIwindow_status:shellUIwindow::write() starting...
2014-07-31 02:50:24:shellUIwindow_status:shellUIwindow::write(): Row:1,Col:7,Status:Waiting...
2014-07-31 02:50:24:shellUIwindow_status:shellUIwindow::write() done
2014-07-31 02:50:24:shellUIwindow_window:shellUIwindow::move() starting...
2014-07-31 02:50:24:shellUIwindow_window:shellUIwindow::move() done.
2014-07-31 02:50:24:shellUIwindow_status:shellUIwindow::move() starting...
2014-07-31 02:50:24:shellUIwindow_status:shellUIwindow::move() done.
2014-07-31 02:50:24:shellUIwindow_status:shellUIwindow::write() starting...
2014-07-31 02:50:24:shellUIwindow_status:shellUIwindow::write(): Row:1,Col:7,Status:Typing...
2014-07-31 02:50:24:shellUIwindow_status:shellUIwindow::write() done
2014-07-31 02:50:24:shellUIwindow_window:shellUIwindow::move() starting...
2014-07-31 02:50:24:shellUIwindow_window:shellUIwindow::move() done.
2014-07-31 02:50:24:shellUIinput:shellUIinput::__actionBackspace__():
2014-07-31 02:50:24:shellUIwindow_window:shellUIwindow::move() starting...
2014-07-31 02:50:24:shellUIwindow_window:shellUIwindow::move() done.
2014-07-31 02:50:24:shellUIwindow_window:shellUIwindow::write() starting...
2014-07-31 02:50:24:shellUIwindow_window:shellUIwindow::write(): #this                                                                          
2014-07-31 02:50:24:shellUIwindow_window:shellUIwindow::write() done
2014-07-31 02:50:24:shellUIwindow_window:shellUIwindow::move() starting...
2014-07-31 02:50:24:shellUIwindow_window:shellUIwindow::move() done.
2014-07-31 02:50:24:shellUIwindow_status:shellUIwindow::move() starting...
2014-07-31 02:50:24:shellUIwindow_status:shellUIwindow::move() done.
2014-07-31 02:50:24:shellUIwindow_status:shellUIwindow::write() starting...
2014-07-31 02:50:24:shellUIwindow_status:shellUIwindow::write(): Row:1,Col:6,Status:Typing...
2014-07-31 02:50:24:shellUIwindow_status:shellUIwindow::write() done
2014-07-31 02:50:24:shellUIwindow_window:shellUIwindow::move() starting...
2014-07-31 02:50:24:shellUIwindow_window:shellUIwindow::move() done.
2014-07-31 02:50:24:shellUIinput:(wRow:1,wCol:6):this 
2014-07-31 02:50:24:shellUIwindow_status:shellUIwindow::move() starting...
2014-07-31 02:50:24:shellUIwindow_status:shellUIwindow::move() done.
2014-07-31 02:50:24:shellUIwindow_status:shellUIwindow::write() starting...
2014-07-31 02:50:24:shellUIwindow_status:shellUIwindow::write(): Row:1,Col:6,Status:Waiting...
2014-07-31 02:50:24:shellUIwindow_status:shellUIwindow::write() done
2014-07-31 02:50:24:shellUIwindow_window:shellUIwindow::move() starting...
2014-07-31 02:50:24:shellUIwindow_window:shellUIwindow::move() done.
2014-07-31 02:50:25:shellUIwindow_status:shellUIwindow::move() starting...
2014-07-31 02:50:25:shellUIwindow_status:shellUIwindow::move() done.
2014-07-31 02:50:25:shellUIwindow_status:shellUIwindow::write() starting...
2014-07-31 02:50:25:shellUIwindow_status:shellUIwindow::write(): Row:1,Col:6,Status:Typing...
2014-07-31 02:50:25:shellUIwindow_status:shellUIwindow::write() done
2014-07-31 02:50:25:shellUIwindow_window:shellUIwindow::move() starting...
2014-07-31 02:50:25:shellUIwindow_window:shellUIwindow::move() done.
2014-07-31 02:50:25:shellUIinput:shellUIinput::__actionBackspace__():
2014-07-31 02:50:25:shellUIwindow_window:shellUIwindow::move() starting...
2014-07-31 02:50:25:shellUIwindow_window:shellUIwindow::move() done.
2014-07-31 02:50:25:shellUIwindow_window:shellUIwindow::write() starting...
2014-07-31 02:50:25:shellUIwindow_window:shellUIwindow::write(): #this                                                                          
2014-07-31 02:50:25:shellUIwindow_window:shellUIwindow::write() done
2014-07-31 02:50:25:shellUIwindow_window:shellUIwindow::move() starting...
2014-07-31 02:50:25:shellUIwindow_window:shellUIwindow::move() done.
2014-07-31 02:50:25:shellUIwindow_status:shellUIwindow::move() starting...
2014-07-31 02:50:25:shellUIwindow_status:shellUIwindow::move() done.
2014-07-31 02:50:25:shellUIwindow_status:shellUIwindow::write() starting...
2014-07-31 02:50:25:shellUIwindow_status:shellUIwindow::write(): Row:1,Col:5,Status:Typing...
2014-07-31 02:50:25:shellUIwindow_status:shellUIwindow::write() done
2014-07-31 02:50:25:shellUIwindow_window:shellUIwindow::move() starting...
2014-07-31 02:50:25:shellUIwindow_window:shellUIwindow::move() done.
2014-07-31 02:50:25:shellUIinput:(wRow:1,wCol:5):this
2014-07-31 02:50:25:shellUIwindow_status:shellUIwindow::move() starting...
2014-07-31 02:50:25:shellUIwindow_status:shellUIwindow::move() done.
2014-07-31 02:50:25:shellUIwindow_status:shellUIwindow::write() starting...
2014-07-31 02:50:25:shellUIwindow_status:shellUIwindow::write(): Row:1,Col:5,Status:Waiting...
2014-07-31 02:50:25:shellUIwindow_status:shellUIwindow::write() done
2014-07-31 02:50:25:shellUIwindow_window:shellUIwindow::move() starting...
2014-07-31 02:50:25:shellUIwindow_window:shellUIwindow::move() done.
2014-07-31 02:50:25:shellUIwindow_status:shellUIwindow::move() starting...
2014-07-31 02:50:25:shellUIwindow_status:shellUIwindow::move() done.
2014-07-31 02:50:25:shellUIwindow_status:shellUIwindow::write() starting...
2014-07-31 02:50:25:shellUIwindow_status:shellUIwindow::write(): Row:1,Col:5,Status:Typing...
2014-07-31 02:50:25:shellUIwindow_status:shellUIwindow::write() done
2014-07-31 02:50:25:shellUIwindow_window:shellUIwindow::move() starting...
2014-07-31 02:50:25:shellUIwindow_window:shellUIwindow::move() done.
2014-07-31 02:50:25:shellUIinput:shellUIinput::__actionBackspace__():
2014-07-31 02:50:25:shellUIwindow_window:shellUIwindow::move() starting...
2014-07-31 02:50:25:shellUIwindow_window:shellUIwindow::move() done.
2014-07-31 02:50:25:shellUIwindow_window:shellUIwindow::write() starting...
2014-07-31 02:50:25:shellUIwindow_window:shellUIwindow::write(): #thi                                                                           
2014-07-31 02:50:25:shellUIwindow_window:shellUIwindow::write() done
2014-07-31 02:50:25:shellUIwindow_window:shellUIwindow::move() starting...
2014-07-31 02:50:25:shellUIwindow_window:shellUIwindow::move() done.
2014-07-31 02:50:25:shellUIwindow_status:shellUIwindow::move() starting...
2014-07-31 02:50:25:shellUIwindow_status:shellUIwindow::move() done.
2014-07-31 02:50:25:shellUIwindow_status:shellUIwindow::write() starting...
2014-07-31 02:50:25:shellUIwindow_status:shellUIwindow::write(): Row:1,Col:4,Status:Typing...
2014-07-31 02:50:25:shellUIwindow_status:shellUIwindow::write() done
2014-07-31 02:50:25:shellUIwindow_window:shellUIwindow::move() starting...
2014-07-31 02:50:25:shellUIwindow_window:shellUIwindow::move() done.
2014-07-31 02:50:25:shellUIinput:(wRow:1,wCol:4):thi
2014-07-31 02:50:25:shellUIwindow_status:shellUIwindow::move() starting...
2014-07-31 02:50:25:shellUIwindow_status:shellUIwindow::move() done.
2014-07-31 02:50:25:shellUIwindow_status:shellUIwindow::write() starting...
2014-07-31 02:50:25:shellUIwindow_status:shellUIwindow::write(): Row:1,Col:4,Status:Waiting...
2014-07-31 02:50:25:shellUIwindow_status:shellUIwindow::write() done
2014-07-31 02:50:25:shellUIwindow_window:shellUIwindow::move() starting...
2014-07-31 02:50:25:shellUIwindow_window:shellUIwindow::move() done.
2014-07-31 02:50:25:shellUIwindow_status:shellUIwindow::move() starting...
2014-07-31 02:50:25:shellUIwindow_status:shellUIwindow::move() done.
2014-07-31 02:50:25:shellUIwindow_status:shellUIwindow::write() starting...
2014-07-31 02:50:25:shellUIwindow_status:shellUIwindow::write(): Row:1,Col:4,Status:Typing...
2014-07-31 02:50:25:shellUIwindow_status:shellUIwindow::write() done
2014-07-31 02:50:25:shellUIwindow_window:shellUIwindow::move() starting...
2014-07-31 02:50:25:shellUIwindow_window:shellUIwindow::move() done.
2014-07-31 02:50:25:shellUIinput:shellUIinput::__actionBackspace__():
2014-07-31 02:50:25:shellUIwindow_window:shellUIwindow::move() starting...
2014-07-31 02:50:25:shellUIwindow_window:shellUIwindow::move() done.
2014-07-31 02:50:25:shellUIwindow_window:shellUIwindow::write() starting...
2014-07-31 02:50:25:shellUIwindow_window:shellUIwindow::write(): #th                                                                            
2014-07-31 02:50:25:shellUIwindow_window:shellUIwindow::write() done
2014-07-31 02:50:25:shellUIwindow_window:shellUIwindow::move() starting...
2014-07-31 02:50:25:shellUIwindow_window:shellUIwindow::move() done.
2014-07-31 02:50:25:shellUIwindow_status:shellUIwindow::move() starting...
2014-07-31 02:50:25:shellUIwindow_status:shellUIwindow::move() done.
2014-07-31 02:50:25:shellUIwindow_status:shellUIwindow::write() starting...
2014-07-31 02:50:25:shellUIwindow_status:shellUIwindow::write(): Row:1,Col:3,Status:Typing...
2014-07-31 02:50:25:shellUIwindow_status:shellUIwindow::write() done
2014-07-31 02:50:25:shellUIwindow_window:shellUIwindow::move() starting...
2014-07-31 02:50:25:shellUIwindow_window:shellUIwindow::move() done.
2014-07-31 02:50:25:shellUIinput:(wRow:1,wCol:3):th
2014-07-31 02:50:25:shellUIwindow_status:shellUIwindow::move() starting...
2014-07-31 02:50:25:shellUIwindow_status:shellUIwindow::move() done.
2014-07-31 02:50:25:shellUIwindow_status:shellUIwindow::write() starting...
2014-07-31 02:50:25:shellUIwindow_status:shellUIwindow::write(): Row:1,Col:3,Status:Waiting...
2014-07-31 02:50:25:shellUIwindow_status:shellUIwindow::write() done
2014-07-31 02:50:25:shellUIwindow_window:shellUIwindow::move() starting...
2014-07-31 02:50:25:shellUIwindow_window:shellUIwindow::move() done.
2014-07-31 02:50:25:shellUIwindow_status:shellUIwindow::move() starting...
2014-07-31 02:50:25:shellUIwindow_status:shellUIwindow::move() done.
2014-07-31 02:50:25:shellUIwindow_status:shellUIwindow::write() starting...
2014-07-31 02:50:25:shellUIwindow_status:shellUIwindow::write(): Row:1,Col:3,Status:Typing...
2014-07-31 02:50:25:shellUIwindow_status:shellUIwindow::write() done
2014-07-31 02:50:25:shellUIwindow_window:shellUIwindow::move() starting...
2014-07-31 02:50:25:shellUIwindow_window:shellUIwindow::move() done.
2014-07-31 02:50:25:shellUIwindow_window:shellUIwindow::move() starting...
2014-07-31 02:50:25:shellUIwindow_window:shellUIwindow::move() done.
2014-07-31 02:50:25:shellUIwindow_window:shellUIwindow::write() starting...
2014-07-31 02:50:25:shellUIwindow_window:shellUIwindow::write(): #thq                                                                           
2014-07-31 02:50:25:shellUIwindow_window:shellUIwindow::write() done
2014-07-31 02:50:25:shellUIwindow_window:shellUIwindow::move() starting...
2014-07-31 02:50:25:shellUIwindow_window:shellUIwindow::move() done.
2014-07-31 02:50:25:shellUIwindow_status:shellUIwindow::move() starting...
2014-07-31 02:50:25:shellUIwindow_status:shellUIwindow::move() done.
2014-07-31 02:50:25:shellUIwindow_status:shellUIwindow::write() starting...
2014-07-31 02:50:25:shellUIwindow_status:shellUIwindow::write(): Row:1,Col:4,Status:Typing...
2014-07-31 02:50:25:shellUIwindow_status:shellUIwindow::write() done
2014-07-31 02:50:25:shellUIwindow_window:shellUIwindow::move() starting...
2014-07-31 02:50:25:shellUIwindow_window:shellUIwindow::move() done.
2014-07-31 02:50:25:shellUIinput:(wRow:1,wCol:4):thq
2014-07-31 02:50:25:shellUIwindow_status:shellUIwindow::move() starting...
2014-07-31 02:50:25:shellUIwindow_status:shellUIwindow::move() done.
2014-07-31 02:50:25:shellUIwindow_status:shellUIwindow::write() starting...
2014-07-31 02:50:25:shellUIwindow_status:shellUIwindow::write(): Row:1,Col:4,Status:Waiting...
2014-07-31 02:50:25:shellUIwindow_status:shellUIwindow::write() done
2014-07-31 02:50:25:shellUIwindow_window:shellUIwindow::move() starting...
2014-07-31 02:50:25:shellUIwindow_window:shellUIwindow::move() done.
2014-07-31 02:50:26:shellUIwindow_window:shellUIwindow::__del__()[window]
2014-07-31 02:50:26:shellUIwindow_window:shellUIwindow::__del__()[window] has closed window.
2014-07-31 02:50:26:shellUIwindow_window:shellUIbase::__del__()
2014-07-31 02:50:26:shellUIwindow_status:shellUIwindow::__del__()[status]
2014-07-31 02:50:26:shellUIwindow_status:shellUIwindow::__del__()[status] has closed window.
2014-07-31 02:50:26:shellUIwindow_status:shellUIbase::__del__()
